1739316783984	geckodriver	INFO	Listening on 127.0.0.1:57401
1739316787029	mozrunner::runner	INFO	Running command: "C:\\Program Files\\Mozilla Firefox\\firefox.exe" "--marionette" "--remote-debugging-port" "57402" "--remote-allow-hosts" "localhost" "-no-remote" "-profile" "C:\\Users\\WINDOW~1\\AppData\\Local\\Temp\\rust_mozprofileayU7kj"
console.warn: services.settings: Ignoring preference override of remote settings server
console.warn: services.settings: Allow by setting MOZ_REMOTE_SETTINGS_DEVTOOLS=1 in the environment
Dynamically enable window occlusion 0
1739316787644	Marionette	INFO	Marionette enabled
1739316787955	Marionette	INFO	Listening on port 57444
WebDriver BiDi listening on ws://127.0.0.1:57402
Read port: 57444
1739316788118	RemoteAgent	WARN	TLS certificate errors will be ignored for this session
[ERROR glean_core::database] Failed to record metric 'locale' into glean_client_info: Error { kind: Rkv(IoError(Os { code: 5, kind: PermissionDenied, message: "Access is denied." })) }
1739316791535	Marionette	INFO	Stopped listening on port 57444
Dynamically enable window occlusion 1
console.log: "RemoteSettingsWorker error: AbortError: IndexedDB:  execute() A request was aborted, for example through a call to IDBTransaction.abort."
console.error: services.settings: 
  Message: RemoteSettingsWorkerError: AbortError: IndexedDB:  execute() A request was aborted, for example through a call to IDBTransaction.abort.
  Stack:
    RemoteSettingsWorkerError@resource://services-settings/RemoteSettingsWorker.sys.mjs:34:5
_onWorkerMessage@resource://services-settings/RemoteSettingsWorker.sys.mjs:102:14
observe@resource://gre/modules/AsyncShutdown.sys.mjs:569:17

